Arguments: 
  C:\Program Files\nodejs\node.exe C:\Program Files (x86)\Yarn\bin\yarn.js install

PATH: 
  C:\Program Files (x86)\Common Files\Oracle\Java\javapath;C:\Python27\;C:\Python27\Scripts;C:\ProgramData\Oracle\Java\javapath;C:\Windows\system32;C:\Windows;C:\Windows\System32\Wbem;C:\Windows\System32\WindowsPowerShell\v1.0\;C:\Program Files\Microsoft VS Code\bin;C:\Program Files\Microsoft SQL Server\Client SDK\ODBC\170\Tools\Binn\;C:\Program Files (x86)\Microsoft SQL Server\150\Tools\Binn\;C:\Program Files\Microsoft SQL Server\150\Tools\Binn\;C:\Program Files\Microsoft SQL Server\150\DTS\Binn\;C:\Program Files (x86)\Microsoft SQL Server\Client SDK\ODBC\130\Tools\Binn\;C:\Program Files (x86)\Microsoft SQL Server\140\Tools\Binn\;C:\Program Files (x86)\Microsoft SQL Server\140\DTS\Binn\;C:\Program Files (x86)\Microsoft SQL Server\140\Tools\Binn\ManagementStudio\;C:\Program Files (x86)\Microsoft SQL Server\150\DTS\Binn\;C:\xampp\php;C:\ProgramData\ComposerSetup\bin;C:\Program Files\dotnet\;C:\ProgramData\chocolatey\bin;C:\ProgramData\nvm;C:\Program Files\Java\jdk1.8.0_231\bin;C:\Program ;C:\WINDOWS\system32;C:\WINDOWS;C:\WINDOWS\System32\Wbem;C:\WINDOWS\System32\WindowsPowerShell\v1.0\;C:\WINDOWS\System32\OpenSSH\;C:\Program Files (x86)\ZeroTier\One\;C:\Program Files\Git\cmd;%NVM_HOME%;%NVM_SYMLINK%;C:\Program Files (x86)\Yarn\bin\;C:\Users\calle\AppData\Roaming\Composer\vendor\bin;C:\Users\calle\.dotnet\tools;c:\Users\calle\AppData\Local\Android\Sdk\platform-tools;C:\Users\calle\AppData\Local\atom\bin;C:\Program Files\flutter\bin;C:\Program Files (x86)\Nmap;C:\Users\calle\AppData\Local\GitHubDesktop\bin;C:\Users\calle\AppData\Local\Microsoft\WindowsApps;C:\Program Files\JetBrains\PhpStorm 2020.1\bin;;C:\Program Files\JetBrains\IntelliJ IDEA 2020.1\bin;;C:\Program Files\JetBrains\WebStorm 2020.1.2\bin;;C:\Users\calle\AppData\Roaming\nvm;C:\Program Files\nodejs;C:\Users\calle\AppData\Local\Yarn\bin

Yarn version: 
  1.22.4

Node version: 
  10.16.0

Platform: 
  win32 x64

Trace: 
  Error: https://registry.yarnpkg.com/core-js/-/core-js-2.6.11.tgz: ESOCKETTIMEDOUT
      at ClientRequest.<anonymous> (C:\Program Files (x86)\Yarn\lib\cli.js:141375:19)
      at Object.onceWrapper (events.js:286:20)
      at ClientRequest.emit (events.js:198:13)
      at TLSSocket.emitRequestTimeout (_http_client.js:662:40)
      at Object.onceWrapper (events.js:286:20)
      at TLSSocket.emit (events.js:198:13)
      at TLSSocket.Socket._onTimeout (net.js:442:8)
      at ontimeout (timers.js:436:11)
      at tryOnTimeout (timers.js:300:5)
      at listOnTimeout (timers.js:263:5)

npm manifest: 
  {
    "main": "node_modules/expo/AppEntry.js",
    "scripts": {
      "start": "expo start",
      "android": "expo start --android",
      "ios": "expo start --ios",
      "web": "expo start --web",
      "eject": "expo eject"
    },
    "dependencies": {
      "expo": "~37.0.3",
      "react": "~16.9.0",
      "react-dom": "~16.9.0",
      "react-native": "https://github.com/expo/react-native/archive/sdk-37.0.1.tar.gz",
      "react-native-web": "~0.11.7"
    },
    "devDependencies": {
      "babel-preset-expo": "~8.1.0",
      "@babel/core": "^7.8.6"
    },
    "private": true
  }

yarn manifest: 
  No manifest

Lockfile: 
  No lockfile
